# JRE version: Java(TM) SE Runtime Environment (17.0.12+8) (build 17.0.12+8-LTS-286)
# Java VM: Java HotSpot(TM) 64-Bit Server VM (17.0.12+8-LTS-286, mixed mode, sharing, tiered, compressed oops, compressed class ptrs, g1 gc, windows-amd64)
GC Precious Log:
 CPUs: 12 total, 12 available
 Memory: 7860M
 Large Page Support: Disabled
 NUMA Support: Disabled
 Compressed Oops: Enabled (32-bit)
 Heap Region Size: 1M
 Heap Min Capacity: 8M
 Heap Initial Capacity: 124M
 Heap Max Capacity: 1966M
 Pre-touch: Disabled
 Parallel Workers: 10
 Concurrent Workers: 3
 Concurrent Refinement Workers: 10
 Periodic GC: Disabled
Heap:
 garbage-first heap   total 81920K, used 52225K [0x0000000085200000, 0x0000000100000000)
  region size 1024K, 34 young (34816K), 7 survivors (7168K)
 Metaspace       used 29126K, committed 29504K, reserved 1114112K
  class space    used 3673K, committed 3840K, reserved 1048576K
GC Heap History (10 events):
Event: 5.337 GC heap before
{Heap before GC invocations=0 (full 0):
 garbage-first heap   total 126976K, used 27648K [0x0000000085200000, 0x0000000100000000)
  region size 1024K, 23 young (23552K), 0 survivors (0K)
 Metaspace       used 2941K, committed 3072K, reserved 1114112K
  class space    used 291K, committed 320K, reserved 1048576K
}
Event: 5.358 GC heap after
{Heap after GC invocations=1 (full 0):
 garbage-first heap   total 126976K, used 14576K [0x0000000085200000, 0x0000000100000000)
  region size 1024K, 3 young (3072K), 3 survivors (3072K)
 Metaspace       used 2941K, committed 3072K, reserved 1114112K
  class space    used 291K, committed 320K, reserved 1048576K
}
Event: 6.806 GC heap before
{Heap before GC invocations=1 (full 0):
 garbage-first heap   total 126976K, used 31984K [0x0000000085200000, 0x0000000100000000)
  region size 1024K, 17 young (17408K), 3 survivors (3072K)
 Metaspace       used 6801K, committed 6976K, reserved 1114112K
  class space    used 750K, committed 832K, reserved 1048576K
}
Event: 6.816 GC heap after
{Heap after GC invocations=2 (full 0):
 garbage-first heap   total 126976K, used 17721K [0x0000000085200000, 0x0000000100000000)
  region size 1024K, 2 young (2048K), 2 survivors (2048K)
 Metaspace       used 6801K, committed 6976K, reserved 1114112K
  class space    used 750K, committed 832K, reserved 1048576K
}
Event: 10.978 GC heap before
{Heap before GC invocations=2 (full 0):
 garbage-first heap   total 126976K, used 57657K [0x0000000085200000, 0x0000000100000000)
  region size 1024K, 42 young (43008K), 2 survivors (2048K)
 Metaspace       used 16154K, committed 16512K, reserved 1114112K
  class space    used 2157K, committed 2304K, reserved 1048576K
}
Event: 10.985 GC heap after
{Heap after GC invocations=3 (full 0):
 garbage-first heap   total 126976K, used 20741K [0x0000000085200000, 0x0000000100000000)
  region size 1024K, 5 young (5120K), 5 survivors (5120K)
 Metaspace       used 16154K, committed 16512K, reserved 1114112K
  class space    used 2157K, committed 2304K, reserved 1048576K
}
Event: 12.375 GC heap before
{Heap before GC invocations=3 (full 0):
 garbage-first heap   total 126976K, used 46341K [0x0000000085200000, 0x0000000100000000)
  region size 1024K, 32 young (32768K), 5 survivors (5120K)
 Metaspace       used 21177K, committed 21504K, reserved 1114112K
  class space    used 2656K, committed 2816K, reserved 1048576K
}
Event: 12.381 GC heap after
{Heap after GC invocations=4 (full 0):
 garbage-first heap   total 126976K, used 23392K [0x0000000085200000, 0x0000000100000000)
  region size 1024K, 6 young (6144K), 6 survivors (6144K)
 Metaspace       used 21177K, committed 21504K, reserved 1114112K
  class space    used 2656K, committed 2816K, reserved 1048576K
}
Event: 14.934 GC heap before
{Heap before GC invocations=5 (full 0):
 garbage-first heap   total 81920K, used 63328K [0x0000000085200000, 0x0000000100000000)
  region size 1024K, 47 young (48128K), 6 survivors (6144K)
 Metaspace       used 26113K, committed 26432K, reserved 1114112K
  class space    used 3307K, committed 3456K, reserved 1048576K
}
Event: 14.948 GC heap after
{Heap after GC invocations=6 (full 0):
 garbage-first heap   total 81920K, used 26625K [0x0000000085200000, 0x0000000100000000)
  region size 1024K, 7 young (7168K), 7 survivors (7168K)
 Metaspace       used 26113K, committed 26432K, reserved 1114112K
  class space    used 3307K, committed 3456K, reserved 1048576K
}

